(---------------------------------------------------------------------)
(                                                                     )
(    NC DRILL Log                                                     )
(                                                                     )
(    Drawing          : #Taaaaak04944.tmp                             )
(    Software Version : 16.5S010                                      )
(    Date/Time        : Mon Aug 27 14:45:00 2012                      )
(                                                                     )
(---------------------------------------------------------------------)



 Processing NC Parameters file ...

 NC PARAMETERS
 -------------

 FORMAT   		4.3
 MACHINE-OFFSET		x:0.000000	y:0.000000
 FEEDRATE		1
 COORDINATES		ABSOLUTE
 OUTPUT-UNITS		METRIC
 TOOL-ORDER		INCREASING
 REPEAT-CODES		NO
 SUPPRESS-LEAD-ZEROES	NO
 SUPPRESS-TRAIL-ZEROES	NO
 SUPPRESS-EQUAL		NO
 TOOL-SELECT		YES
 HEADER			none
 LEADER			12
 CODE			ASCII
 SEPARATE		YES
 OPTIMIZE_DRILLING	NO
 ENHANCED_EXCELLON	NO
 SCALE			1.000000

 WARNING: Design precision is the same as that of the drill output file data.
          Data rounding errors may still be possible.
 WARNING: Can't find tool file (nc_tools.txt)
          ... will auto-generate tool file (nc_tools_auto.txt)


     Auto-generating tool file nc_tools_auto.txt
     -------------------------------------------

           Size  Plating  Tool        + Tolerance  - Tolerance

          0.200  P        T01            0.000000     0.000000
          1.100  P        T02            0.000000     0.000000
          1.501  N        T03            0.000000     0.000000


 Drill files being output to directory 'C:/DesigSync_WORKDIR/evm/em/CC2538_EM/Cadence' ...



     'CC2538EM-1-4.drl' created for holes connecting TOP and BOTTOM ; Plating = PLATED
     ---------------------------------------------------------------------------------

     Tool  Num     Size      +/- Tolerance     Plating   Quantity

     T01    1.   0.2000    0.0000/  0.0000      PLATED        489
     T02    2.   1.1000    0.0000/  0.0000      PLATED          2

     ---- Total holes:                                        491

     ---- Total head travel:              9.01 feet (2.75 meters)




     'CC2538EM-1-4-np.drl' created for holes connecting TOP and BOTTOM ; Plating = NON_PLATED
     ----------------------------------------------------------------------------------------

     Tool  Num     Size      +/- Tolerance     Plating   Quantity

     T03    1.   1.5010    0.0000/  0.0000  NON_PLATED          6

     ---- Total holes:                                          6

     ---- Total head travel:              0.28 feet (0.09 meters)

