(---------------------------------------------------------------------)
(                                                                     )
(    ARTWORK LOG                                                      )
(                                                                     )
(    Drawing          : CC2538EM.brd                                  )
(    Software Version : 16.5S010                                      )
(    Date/Time        : Mon Aug 27 15:01:23 2012                      )
(                                                                     )
(---------------------------------------------------------------------)


 ---- Photoplot outline rectangle not found ... using drawing extents



Results from parameter file ...
    DEVICE-TYPE           GERBER_RS274X
    OUTPUT-UNITS          MM
    FILM-SIZE             240000 160000
    FORMAT                4.4
    ABORT-ON-ERROR        NO
    SCALE                 1
    SUPPRESS-LEAD-ZEROES  YES
    SUPPRESS-TRAIL-ZEROES NO
    SUPPRESS-EQUAL        YES
    UNDEF-APT-CONT        NO


================================================================
     PROCESSING FILM < paste_top >
     TO FILE < C:/DesigSync_WORKDIR/evm/em/CC2538_EM/Cadence/paste_top.art > ...
================================================================

  FILM PARAMETERS :
  ---------------------------------------------------------
  Undefined line width                0.100
  Mirror code                         NONE
  Rotate angle                        NONE
  Offset x:                           0.000
  Offset y:                           0.000
  Plot negative                       NO
  Suppress unconnected internal pads  NO



  APERTURES USED:
  ---------------------------------------------------------
  TYPE       SIZE/NAME                   ROT   MIRROR MODE 
  ---------------------------------------------------------
  CIRCLE     0.10000                                  DARK 
  CIRCLE     1.80100                                  DARK 
  SQUARE     6.59900                     0.000 NO     DARK 
  OBLONG     0.30000     x 0.85100       0.000 NO     DARK 
  OBLONG     0.30000     x 0.85100      90.000 NO     DARK 
  OBLONG     0.54900     x 1.00100       0.000 NO     DARK 
  PAD SHAPE  SHAPE_540RECT550            0.000 NO     DARK 
  PAD SHAPE  SHAPE_2000RECT2000          0.000 NO     DARK 
  PAD SHAPE  SHAPE_400RECT1350           0.000 NO     DARK 
  PAD SHAPE  SHAPE_540RECT550           90.000 NO     DARK 
  PAD SHAPE  SHAPE_950RECT1000          90.000 NO     DARK 
  PAD SHAPE  SHAPE_950RECT1000         180.000 NO     DARK 
  PAD SHAPE  SHAPE_850RECT950          180.000 NO     DARK 
  PAD SHAPE  SHAPE_540RECT550          180.000 NO     DARK 
  PAD SHAPE  SHAPE_700RECT1400         180.000 NO     DARK 
  PAD SHAPE  SHAPE_1900RECT1900        270.000 NO     DARK 
  PAD SHAPE  SHAPE_1050RECT3450        270.000 NO     DARK 
  PAD SHAPE  SHAPE_1300RECT1450        270.000 NO     DARK 
  PAD SHAPE  SHAPE_1400RECT1600        270.000 NO     DARK 
  PAD SHAPE  SHAPE_540RECT550          270.000 NO     DARK 

     paste_top created.


================================================================
     PROCESSING FILM < paste_bottom >
     TO FILE < C:/DesigSync_WORKDIR/evm/em/CC2538_EM/Cadence/paste_bottom.art > ...
================================================================

  FILM PARAMETERS :
  ---------------------------------------------------------
  Undefined line width                0.100
  Mirror code                         NONE
  Rotate angle                        NONE
  Offset x:                           0.000
  Offset y:                           0.000
  Plot negative                       NO
  Suppress unconnected internal pads  NO



  APERTURES USED:
  ---------------------------------------------------------
  TYPE       SIZE/NAME                   ROT   MIRROR MODE 
  ---------------------------------------------------------
  CIRCLE     0.10000                                  DARK 
  OBLONG     0.65000     x 2.05000       0.000 NO     DARK 
  OBLONG     0.65000     x 2.05000      90.000 NO     DARK 

     paste_bottom created.


================================================================
     PROCESSING FILM < soldmask_top >
     TO FILE < C:/DesigSync_WORKDIR/evm/em/CC2538_EM/Cadence/soldmask_top.art > ...
================================================================

  FILM PARAMETERS :
  ---------------------------------------------------------
  Undefined line width                0.100
  Mirror code                         NONE
  Rotate angle                        NONE
  Offset x:                           0.000
  Offset y:                           0.000
  Plot negative                       NO
  Suppress unconnected internal pads  NO



  APERTURES USED:
  ---------------------------------------------------------
  TYPE       SIZE/NAME                   ROT   MIRROR MODE 
  ---------------------------------------------------------
  CIRCLE     0.10000                                  DARK 
  CIRCLE     1.60000                                  DARK 
  CIRCLE     1.69900                                  DARK 
  CIRCLE     1.95100                                  DARK 
  SQUARE     6.74900                     0.000 NO     DARK 
  OBLONG     0.39900     x 0.95000       0.000 NO     DARK 
  OBLONG     0.39900     x 0.95000      90.000 NO     DARK 
  OBLONG     0.70100     x 1.15100       0.000 NO     DARK 
  OBLONG     1.15000     x 1.15000       0.000 NO     DARK 
  PAD SHAPE  SHAPE_640RECT650            0.000 NO     DARK 
  PAD SHAPE  SHAPE_2150RECT2150          0.000 NO     DARK 
  PAD SHAPE  SHAPE_550RECT1500           0.000 NO     DARK 
  PAD SHAPE  SHAPE_640RECT650           90.000 NO     DARK 
  PAD SHAPE  SHAPE_1100RECT1150         90.000 NO     DARK 
  PAD SHAPE  SHAPE_640RECT650          180.000 NO     DARK 
  PAD SHAPE  SHAPE_850RECT1550         180.000 NO     DARK 
  PAD SHAPE  SHAPE_1000RECT1100        180.000 NO     DARK 
  PAD SHAPE  SHAPE_1100RECT1150        180.000 NO     DARK 
  PAD SHAPE  SHAPE_1450RECT1600        270.000 NO     DARK 
  PAD SHAPE  SHAPE_640RECT650          270.000 NO     DARK 
  PAD SHAPE  SHAPE_1550RECT1750        270.000 NO     DARK 
  PAD SHAPE  SHAPE_2050RECT2050        270.000 NO     DARK 
  PAD SHAPE  SHAPE_1200RECT3600        270.000 NO     DARK 

     soldmask_top created.


================================================================
     PROCESSING FILM < soldmask_bottom >
     TO FILE < C:/DesigSync_WORKDIR/evm/em/CC2538_EM/Cadence/soldmask_bottom.art > ...
================================================================

  FILM PARAMETERS :
  ---------------------------------------------------------
  Undefined line width                0.100
  Mirror code                         NONE
  Rotate angle                        NONE
  Offset x:                           0.000
  Offset y:                           0.000
  Plot negative                       NO
  Suppress unconnected internal pads  NO



  APERTURES USED:
  ---------------------------------------------------------
  TYPE       SIZE/NAME                   ROT   MIRROR MODE 
  ---------------------------------------------------------
  CIRCLE     0.10000                                  DARK 
  CIRCLE     0.60000                                  DARK 
  CIRCLE     1.60000                                  DARK 
  CIRCLE     1.69900                                  DARK 
  OBLONG     0.80000     x 2.20000       0.000 NO     DARK 
  OBLONG     0.80000     x 2.20000      90.000 NO     DARK 
  OBLONG     1.15000     x 1.15000       0.000 NO     DARK 

     soldmask_bottom created.


================================================================
     PROCESSING FILM < silk_top >
     TO FILE < C:/DesigSync_WORKDIR/evm/em/CC2538_EM/Cadence/silk_top.art > ...
================================================================

  FILM PARAMETERS :
  ---------------------------------------------------------
  Undefined line width                0.100
  Mirror code                         NONE
  Rotate angle                        NONE
  Offset x:                           0.000
  Offset y:                           0.000
  Plot negative                       NO
  Suppress unconnected internal pads  NO



  APERTURES USED:
  ---------------------------------------------------------
  TYPE       SIZE/NAME                   ROT   MIRROR MODE 
  ---------------------------------------------------------
  CIRCLE     0.00300                                  DARK 
  CIRCLE     0.03000                                  DARK 
  CIRCLE     0.05000                                  DARK 
  CIRCLE     0.05100                                  DARK 
  CIRCLE     0.09900                                  DARK 
  CIRCLE     0.10000                                  DARK 
  CIRCLE     0.15000                                  DARK 

     silk_top created.


================================================================
     PROCESSING FILM < silk_bottom >
     TO FILE < C:/DesigSync_WORKDIR/evm/em/CC2538_EM/Cadence/silk_bottom.art > ...
================================================================

  FILM PARAMETERS :
  ---------------------------------------------------------
  Undefined line width                0.100
  Mirror code                         NONE
  Rotate angle                        NONE
  Offset x:                           0.000
  Offset y:                           0.000
  Plot negative                       NO
  Suppress unconnected internal pads  NO



  APERTURES USED:
  ---------------------------------------------------------
  TYPE       SIZE/NAME                   ROT   MIRROR MODE 
  ---------------------------------------------------------
  CIRCLE     0.00300                                  DARK 
  CIRCLE     0.05000                                  DARK 
  CIRCLE     0.10000                                  DARK 

     silk_bottom created.


================================================================
     PROCESSING FILM < assembly_bottom >
     TO FILE < C:/DesigSync_WORKDIR/evm/em/CC2538_EM/Cadence/assembly_bottom.art > ...
================================================================

  FILM PARAMETERS :
  ---------------------------------------------------------
  Undefined line width                0.100
  Mirror code                         NONE
  Rotate angle                        NONE
  Offset x:                           0.000
  Offset y:                           0.000
  Plot negative                       NO
  Suppress unconnected internal pads  NO

    WARNING: 0 width line found at (110.159 98.062)
           ... using undefined line width of 0.100

    WARNING: Multiple 0 width lines; all will be treated the same as the first.
           ... using undefined line width of 0.100



  APERTURES USED:
  ---------------------------------------------------------
  TYPE       SIZE/NAME                   ROT   MIRROR MODE 
  ---------------------------------------------------------
  CIRCLE     0.00300                                  DARK 
  CIRCLE     0.05000                                  DARK 
  CIRCLE     0.10000                                  DARK 

     assembly_bottom created with warnings


================================================================
     PROCESSING FILM < Layer1 >
     TO FILE < C:/DesigSync_WORKDIR/evm/em/CC2538_EM/Cadence/Layer1.art > ...
================================================================

  FILM PARAMETERS :
  ---------------------------------------------------------
  Undefined line width                0.100
  Mirror code                         NONE
  Rotate angle                        NONE
  Offset x:                           0.000
  Offset y:                           0.000
  Plot negative                       NO
  Suppress unconnected internal pads  NO



  APERTURES USED:
  ---------------------------------------------------------
  TYPE       SIZE/NAME                   ROT   MIRROR MODE 
  ---------------------------------------------------------
  CIRCLE     0.09900                                  DARK 
  CIRCLE     0.15000                                  DARK 
  CIRCLE     0.20000                                  DARK 
  CIRCLE     0.30000                                  DARK 
  CIRCLE     0.40000                                  DARK 
  CIRCLE     0.50000                                  DARK 
  CIRCLE     0.60000                                  DARK 
  CIRCLE     1.45000                                  DARK 
  CIRCLE     1.80100                                  DARK 
  SQUARE     6.59900                     0.000 NO     DARK 
  RECTANGLE  0.46000     x 0.50000       0.000 NO     DARK 
  RECTANGLE  0.50000     x 1.00000      90.000 NO     DARK 
  OBLONG     0.30000     x 0.85100       0.000 NO     DARK 
  OBLONG     0.30000     x 0.85100      90.000 NO     DARK 
  OBLONG     0.54900     x 1.00100       0.000 NO     DARK 
  OBLONG     1.00000     x 1.00000       0.000 NO     DARK 
  PAD SHAPE  SHAPE_400RECT1350           0.000 NO     DARK 
  PAD SHAPE  SHAPE_540RECT550            0.000 NO     DARK 
  PAD SHAPE  SHAPE_2000RECT2000          0.000 NO     DARK 
  PAD SHAPE  SHAPE_950RECT1000          90.000 NO     DARK 
  PAD SHAPE  SHAPE_540RECT550           90.000 NO     DARK 
  PAD SHAPE  SHAPE_850RECT950          180.000 NO     DARK 
  PAD SHAPE  SHAPE_540RECT550          180.000 NO     DARK 
  PAD SHAPE  SHAPE_950RECT1000         180.000 NO     DARK 
  PAD SHAPE  SHAPE_700RECT1400         180.000 NO     DARK 
  PAD SHAPE  SHAPE_1400RECT1600        270.000 NO     DARK 
  PAD SHAPE  SHAPE_1050RECT3450        270.000 NO     DARK 
  PAD SHAPE  SHAPE_1300RECT1450        270.000 NO     DARK 
  PAD SHAPE  SHAPE_1900RECT1900        270.000 NO     DARK 
  PAD SHAPE  SHAPE_540RECT550          270.000 NO     DARK 

     Layer1 created.


================================================================
     PROCESSING FILM < Layer2 >
     TO FILE < C:/DesigSync_WORKDIR/evm/em/CC2538_EM/Cadence/Layer2.art > ...
================================================================

  FILM PARAMETERS :
  ---------------------------------------------------------
  Undefined line width                0.100
  Mirror code                         NONE
  Rotate angle                        NONE
  Offset x:                           0.000
  Offset y:                           0.000
  Plot negative                       NO
  Suppress unconnected internal pads  NO



  APERTURES USED:
  ---------------------------------------------------------
  TYPE       SIZE/NAME                   ROT   MIRROR MODE 
  ---------------------------------------------------------
  CIRCLE     0.09900                                  DARK 
  CIRCLE     0.50000                                  DARK 
  CIRCLE     0.60000                                  DARK 
  CIRCLE     1.45000                                  DARK 

     Layer2 created.


================================================================
     PROCESSING FILM < Layer3 >
     TO FILE < C:/DesigSync_WORKDIR/evm/em/CC2538_EM/Cadence/Layer3.art > ...
================================================================

  FILM PARAMETERS :
  ---------------------------------------------------------
  Undefined line width                0.100
  Mirror code                         NONE
  Rotate angle                        NONE
  Offset x:                           0.000
  Offset y:                           0.000
  Plot negative                       NO
  Suppress unconnected internal pads  NO



  APERTURES USED:
  ---------------------------------------------------------
  TYPE       SIZE/NAME                   ROT   MIRROR MODE 
  ---------------------------------------------------------
  CIRCLE     0.09900                                  DARK 
  CIRCLE     0.15000                                  DARK 
  CIRCLE     0.30000                                  DARK 
  CIRCLE     0.40000                                  DARK 
  CIRCLE     0.50000                                  DARK 
  CIRCLE     0.80000                                  DARK 
  CIRCLE     1.45000                                  DARK 

     Layer3 created.


================================================================
     PROCESSING FILM < Layer4 >
     TO FILE < C:/DesigSync_WORKDIR/evm/em/CC2538_EM/Cadence/Layer4.art > ...
================================================================

  FILM PARAMETERS :
  ---------------------------------------------------------
  Undefined line width                0.100
  Mirror code                         NONE
  Rotate angle                        NONE
  Offset x:                           0.000
  Offset y:                           0.000
  Plot negative                       NO
  Suppress unconnected internal pads  NO



  APERTURES USED:
  ---------------------------------------------------------
  TYPE       SIZE/NAME                   ROT   MIRROR MODE 
  ---------------------------------------------------------
  CIRCLE     0.09900                                  DARK 
  CIRCLE     0.15000                                  DARK 
  CIRCLE     0.30000                                  DARK 
  CIRCLE     0.50000                                  DARK 
  CIRCLE     0.60000                                  DARK 
  CIRCLE     1.45000                                  DARK 
  OBLONG     0.65000     x 2.05000       0.000 NO     DARK 
  OBLONG     0.65000     x 2.05000      90.000 NO     DARK 
  OBLONG     1.00000     x 1.00000       0.000 NO     DARK 

     Layer4 created.


================================================================
     PROCESSING FILM < assembly_top >
     TO FILE < C:/DesigSync_WORKDIR/evm/em/CC2538_EM/Cadence/assembly_top.art > ...
================================================================

  FILM PARAMETERS :
  ---------------------------------------------------------
  Undefined line width                0.100
  Mirror code                         NONE
  Rotate angle                        NONE
  Offset x:                           0.000
  Offset y:                           0.000
  Plot negative                       NO
  Suppress unconnected internal pads  NO



  APERTURES USED:
  ---------------------------------------------------------
  TYPE       SIZE/NAME                   ROT   MIRROR MODE 
  ---------------------------------------------------------
  CIRCLE     0.00300                                  DARK 
  CIRCLE     0.03000                                  DARK 
  CIRCLE     0.05000                                  DARK 
  CIRCLE     0.05100                                  DARK 
  CIRCLE     0.10000                                  DARK 

     assembly_top created.


================================================================
     PROCESSING FILM < drill >
     TO FILE < C:/DesigSync_WORKDIR/evm/em/CC2538_EM/Cadence/drill.art > ...
================================================================

  FILM PARAMETERS :
  ---------------------------------------------------------
  Undefined line width                0.100
  Mirror code                         NONE
  Rotate angle                        NONE
  Offset x:                           0.000
  Offset y:                           0.000
  Plot negative                       NO
  Suppress unconnected internal pads  NO

    WARNING: text composed 0 width line found at (159.795 122.920)
           ... using undefined line width of 0.100

    WARNING: text having Multiple 0 width lines; all will be treated the same as the first.
           ... using undefined line width of 0.100



  APERTURES USED:
  ---------------------------------------------------------
  TYPE       SIZE/NAME                   ROT   MIRROR MODE 
  ---------------------------------------------------------
  CIRCLE     0.10000                                  DARK 

     drill created with warnings


================================================================
     PROCESSING FILM < outline >
     TO FILE < C:/DesigSync_WORKDIR/evm/em/CC2538_EM/Cadence/outline.art > ...
================================================================

  FILM PARAMETERS :
  ---------------------------------------------------------
  Undefined line width                0.100
  Mirror code                         NONE
  Rotate angle                        NONE
  Offset x:                           0.000
  Offset y:                           0.000
  Plot negative                       NO
  Suppress unconnected internal pads  NO



  APERTURES USED:
  ---------------------------------------------------------
  TYPE       SIZE/NAME                   ROT   MIRROR MODE 
  ---------------------------------------------------------
  CIRCLE     0.10000                                  DARK 

     outline created.


------------------------------------------------------
 SUMMARY:
        paste_top created.
        paste_bottom created.
        soldmask_top created.
        soldmask_bottom created.
        silk_top created.
        silk_bottom created.
        assembly_bottom created with warnings
        Layer1 created.
        Layer2 created.
        Layer3 created.
        Layer4 created.
        assembly_top created.
        drill created with warnings
        outline created.

 ARTWORK finished
